2019-08-18 10:19:32:330  [TID      11500][INFO    ] Default Logger initialized [dmvcframework]
2019-08-18 10:19:32:345  [TID      11500][INFO    ] Server started on port 8080 [dmvcframework]
2019-08-18 10:19:32:408  [TID      11500][INFO    ] Server started on port 8080 [dmvcframework]
2019-08-18 10:20:05:358  [TID       6616][INFO    ] ENTER: Config default values [dmvcframework]
2019-08-18 10:20:05:358  [TID       6616][INFO    ] EXIT: Config default values [dmvcframework]
2019-08-18 10:20:05:358  [TID       6616][INFO    ] ENTER: LoadSystemControllers [dmvcframework]
2019-08-18 10:20:05:358  [TID       6616][INFO    ] EXIT: LoadSystemControllers [dmvcframework]
2019-08-18 10:20:08:767  [TID       6616][INFO    ] POST:/efetuarPedido -> UPizzariaControllerImpl.TPizzariaBackendController - 200 OK [dmvcframework]
2019-08-18 11:05:27:933  [TID      12956][INFO    ] Default Logger initialized [dmvcframework]
2019-08-18 11:05:27:949  [TID      12956][INFO    ] Server started on port 8080 [dmvcframework]
2019-08-18 11:05:28:006  [TID      12956][INFO    ] Server started on port 8080 [dmvcframework]
2019-08-18 11:05:43:121  [TID       3356][INFO    ] ENTER: Config default values [dmvcframework]
2019-08-18 11:05:43:121  [TID       3356][INFO    ] EXIT: Config default values [dmvcframework]
2019-08-18 11:05:43:121  [TID       3356][INFO    ] ENTER: LoadSystemControllers [dmvcframework]
2019-08-18 11:05:43:121  [TID       3356][INFO    ] EXIT: LoadSystemControllers [dmvcframework]
2019-08-18 11:11:55:667  [TID       9056][INFO    ] Default Logger initialized [dmvcframework]
2019-08-18 11:11:55:667  [TID       9056][INFO    ] Server started on port 8080 [dmvcframework]
2019-08-18 11:11:55:746  [TID       9056][INFO    ] Server started on port 8080 [dmvcframework]
2019-08-18 11:12:06:474  [TID      11808][INFO    ] ENTER: Config default values [dmvcframework]
2019-08-18 11:12:06:474  [TID      11808][INFO    ] EXIT: Config default values [dmvcframework]
2019-08-18 11:12:06:474  [TID      11808][INFO    ] ENTER: LoadSystemControllers [dmvcframework]
2019-08-18 11:12:06:474  [TID      11808][INFO    ] EXIT: LoadSystemControllers [dmvcframework]
2019-08-18 11:12:09:655  [TID      11808][INFO    ] POST:/efetuarPedido -> UPizzariaControllerImpl.TPizzariaBackendController - 200 OK [dmvcframework]
2019-08-18 11:12:20:249  [TID       6824][INFO    ] POST:/efetuarPedido -> UPizzariaControllerImpl.TPizzariaBackendController - 200 OK [dmvcframework]
2019-08-18 11:12:28:958  [TID      12748][INFO    ] POST:/efetuarPedido -> UPizzariaControllerImpl.TPizzariaBackendController - 200 OK [dmvcframework]
2019-08-18 11:12:43:027  [TID       3424][INFO    ] POST:/efetuarPedido -> UPizzariaControllerImpl.TPizzariaBackendController - 200 OK [dmvcframework]
2019-08-18 11:13:46:253  [TID       6040][INFO    ] POST:/efetuarPedido -> UPizzariaControllerImpl.TPizzariaBackendController - 200 OK [dmvcframework]
2019-08-18 11:14:14:678  [TID       8672][ERROR   ] [Exception] Não existem pedidos para este número de documento. (Custom message: "Global Action Exception Handler") [dmvcframework]
2019-08-18 11:14:14:689  [TID       8672][INFO    ] POST:/consultaPedido -> UPizzariaControllerImpl.TPizzariaBackendController - 500 Internal Server Error [dmvcframework]
2019-08-18 11:14:34:510  [TID      11512][ERROR   ] [Exception] Não existem pedidos para este número de documento. (Custom message: "Global Action Exception Handler") [dmvcframework]
2019-08-18 11:14:34:518  [TID      11512][INFO    ] POST:/consultaPedido -> UPizzariaControllerImpl.TPizzariaBackendController - 500 Internal Server Error [dmvcframework]
2019-08-18 11:19:46:125  [TID       8164][INFO    ] Default Logger initialized [dmvcframework]
2019-08-18 11:19:46:144  [TID       8164][INFO    ] Server started on port 8080 [dmvcframework]
2019-08-18 11:19:46:205  [TID       8164][INFO    ] Server started on port 8080 [dmvcframework]
2019-08-18 11:20:17:408  [TID        392][INFO    ] ENTER: Config default values [dmvcframework]
2019-08-18 11:20:17:408  [TID        392][INFO    ] EXIT: Config default values [dmvcframework]
2019-08-18 11:20:17:409  [TID        392][INFO    ] ENTER: LoadSystemControllers [dmvcframework]
2019-08-18 11:20:17:409  [TID        392][INFO    ] EXIT: LoadSystemControllers [dmvcframework]
2019-08-18 11:20:29:256  [TID        392][INFO    ] POST:/consultaPedido -> UPizzariaControllerImpl.TPizzariaBackendController - 200 OK [dmvcframework]
2019-08-18 11:20:41:081  [TID      11460][INFO    ] POST:/consultaPedido -> UPizzariaControllerImpl.TPizzariaBackendController - 200 OK [dmvcframework]
2019-08-18 11:20:55:361  [TID      10476][INFO    ] POST:/efetuarPedido -> UPizzariaControllerImpl.TPizzariaBackendController - 200 OK [dmvcframework]
2019-08-18 11:21:26:331  [TID      12684][INFO    ] POST:/consultaPedido -> UPizzariaControllerImpl.TPizzariaBackendController - 200 OK [dmvcframework]
2019-08-18 11:21:41:592  [TID      10808][INFO    ] POST:/efetuarPedido -> UPizzariaControllerImpl.TPizzariaBackendController - 200 OK [dmvcframework]
2019-08-18 11:21:54:960  [TID       1224][INFO    ] POST:/efetuarPedido -> UPizzariaControllerImpl.TPizzariaBackendController - 200 OK [dmvcframework]
2019-08-18 11:21:56:201  [TID       5860][INFO    ] POST:/efetuarPedido -> UPizzariaControllerImpl.TPizzariaBackendController - 200 OK [dmvcframework]
2019-08-18 11:22:03:291  [TID      12280][ERROR   ] [Exception] Não existem pedidos para este número de documento. (Custom message: "Global Action Exception Handler") [dmvcframework]
2019-08-18 11:22:03:300  [TID      12280][INFO    ] POST:/consultaPedido -> UPizzariaControllerImpl.TPizzariaBackendController - 500 Internal Server Error [dmvcframework]
2019-08-18 11:23:03:979  [TID       1408][INFO    ] Default Logger initialized [dmvcframework]
2019-08-18 11:23:03:992  [TID       1408][INFO    ] Server started on port 8080 [dmvcframework]
2019-08-18 11:23:04:051  [TID       1408][INFO    ] Server started on port 8080 [dmvcframework]
2019-08-18 11:23:25:560  [TID       7056][INFO    ] ENTER: Config default values [dmvcframework]
2019-08-18 11:23:25:560  [TID       7056][INFO    ] EXIT: Config default values [dmvcframework]
2019-08-18 11:23:25:560  [TID       7056][INFO    ] ENTER: LoadSystemControllers [dmvcframework]
2019-08-18 11:23:25:560  [TID       7056][INFO    ] EXIT: LoadSystemControllers [dmvcframework]
2019-08-18 11:24:17:754  [TID       9432][INFO    ] Default Logger initialized [dmvcframework]
2019-08-18 11:24:17:769  [TID       9432][INFO    ] Server started on port 8080 [dmvcframework]
2019-08-18 11:24:17:834  [TID       9432][INFO    ] Server started on port 8080 [dmvcframework]
2019-08-18 11:25:00:245  [TID       5912][INFO    ] ENTER: Config default values [dmvcframework]
2019-08-18 11:25:00:245  [TID       5912][INFO    ] EXIT: Config default values [dmvcframework]
2019-08-18 11:25:00:245  [TID       5912][INFO    ] ENTER: LoadSystemControllers [dmvcframework]
2019-08-18 11:25:00:245  [TID       5912][INFO    ] EXIT: LoadSystemControllers [dmvcframework]
2019-08-18 11:27:20:240  [TID      13132][INFO    ] Default Logger initialized [dmvcframework]
2019-08-18 11:27:20:256  [TID      13132][INFO    ] Server started on port 8080 [dmvcframework]
2019-08-18 11:27:20:317  [TID      13132][INFO    ] Server started on port 8080 [dmvcframework]
2019-08-18 11:30:04:067  [TID       5636][INFO    ] ENTER: Config default values [dmvcframework]
2019-08-18 11:30:04:067  [TID       5636][INFO    ] EXIT: Config default values [dmvcframework]
2019-08-18 11:30:04:067  [TID       5636][INFO    ] ENTER: LoadSystemControllers [dmvcframework]
2019-08-18 11:30:04:067  [TID       5636][INFO    ] EXIT: LoadSystemControllers [dmvcframework]
2019-08-18 11:35:48:234  [TID      13216][INFO    ] Default Logger initialized [dmvcframework]
2019-08-18 11:35:48:251  [TID      13216][INFO    ] Server started on port 8080 [dmvcframework]
2019-08-18 11:35:48:311  [TID      13216][INFO    ] Server started on port 8080 [dmvcframework]
2019-08-18 11:37:29:102  [TID       5760][INFO    ] ENTER: Config default values [dmvcframework]
2019-08-18 11:37:29:103  [TID       5760][INFO    ] EXIT: Config default values [dmvcframework]
2019-08-18 11:37:29:103  [TID       5760][INFO    ] ENTER: LoadSystemControllers [dmvcframework]
2019-08-18 11:37:29:103  [TID       5760][INFO    ] EXIT: LoadSystemControllers [dmvcframework]
2019-08-18 11:41:23:665  [TID       5400][INFO    ] Default Logger initialized [dmvcframework]
2019-08-18 11:41:23:683  [TID       5400][INFO    ] Server started on port 8080 [dmvcframework]
2019-08-18 11:41:23:743  [TID       5400][INFO    ] Server started on port 8080 [dmvcframework]
2019-08-18 11:42:40:707  [TID      11464][INFO    ] ENTER: Config default values [dmvcframework]
2019-08-18 11:42:40:707  [TID      11464][INFO    ] EXIT: Config default values [dmvcframework]
2019-08-18 11:42:40:707  [TID      11464][INFO    ] ENTER: LoadSystemControllers [dmvcframework]
2019-08-18 11:42:40:707  [TID      11464][INFO    ] EXIT: LoadSystemControllers [dmvcframework]
2019-08-18 11:48:52:691  [TID       9948][INFO    ] Default Logger initialized [dmvcframework]
2019-08-18 11:48:52:707  [TID       9948][INFO    ] Server started on port 8080 [dmvcframework]
2019-08-18 11:48:52:773  [TID       9948][INFO    ] Server started on port 8080 [dmvcframework]
2019-08-18 11:49:16:821  [TID        384][INFO    ] ENTER: Config default values [dmvcframework]
2019-08-18 11:49:16:821  [TID        384][INFO    ] EXIT: Config default values [dmvcframework]
2019-08-18 11:49:16:821  [TID        384][INFO    ] ENTER: LoadSystemControllers [dmvcframework]
2019-08-18 11:49:16:821  [TID        384][INFO    ] EXIT: LoadSystemControllers [dmvcframework]
2019-08-18 11:49:50:567  [TID        384][INFO    ] POST:/efetuarPedido -> UPizzariaControllerImpl.TPizzariaBackendController - 200 OK [dmvcframework]
2019-08-18 11:50:26:757  [TID       5252][INFO    ] Default Logger initialized [dmvcframework]
2019-08-18 11:50:26:773  [TID       5252][INFO    ] Server started on port 8080 [dmvcframework]
2019-08-18 11:50:26:832  [TID       5252][INFO    ] Server started on port 8080 [dmvcframework]
2019-08-18 11:52:00:985  [TID       5444][INFO    ] ENTER: Config default values [dmvcframework]
2019-08-18 11:52:00:985  [TID       5444][INFO    ] EXIT: Config default values [dmvcframework]
2019-08-18 11:52:00:985  [TID       5444][INFO    ] ENTER: LoadSystemControllers [dmvcframework]
2019-08-18 11:52:00:985  [TID       5444][INFO    ] EXIT: LoadSystemControllers [dmvcframework]
2019-08-18 11:56:34:278  [TID       8712][INFO    ] Default Logger initialized [dmvcframework]
2019-08-18 11:56:34:295  [TID       8712][INFO    ] Server started on port 8080 [dmvcframework]
2019-08-18 11:56:34:354  [TID       8712][INFO    ] Server started on port 8080 [dmvcframework]
2019-08-18 12:01:17:021  [TID      10664][INFO    ] Default Logger initialized [dmvcframework]
2019-08-18 12:01:17:038  [TID      10664][INFO    ] Server started on port 8080 [dmvcframework]
2019-08-18 12:01:17:102  [TID      10664][INFO    ] Server started on port 8080 [dmvcframework]
2019-08-18 12:01:32:970  [TID      10400][INFO    ] ENTER: Config default values [dmvcframework]
2019-08-18 12:01:32:970  [TID      10400][INFO    ] EXIT: Config default values [dmvcframework]
2019-08-18 12:01:32:970  [TID      10400][INFO    ] ENTER: LoadSystemControllers [dmvcframework]
2019-08-18 12:01:32:970  [TID      10400][INFO    ] EXIT: LoadSystemControllers [dmvcframework]
2019-08-18 12:03:35:927  [TID      10980][INFO    ] Default Logger initialized [dmvcframework]
2019-08-18 12:03:35:927  [TID      10980][INFO    ] Server started on port 8080 [dmvcframework]
2019-08-18 12:03:36:027  [TID      10980][INFO    ] Server started on port 8080 [dmvcframework]
2019-08-18 12:03:51:136  [TID       6224][INFO    ] ENTER: Config default values [dmvcframework]
2019-08-18 12:03:51:136  [TID       6224][INFO    ] EXIT: Config default values [dmvcframework]
2019-08-18 12:03:51:136  [TID       6224][INFO    ] ENTER: LoadSystemControllers [dmvcframework]
2019-08-18 12:03:51:136  [TID       6224][INFO    ] EXIT: LoadSystemControllers [dmvcframework]
2019-08-18 12:04:08:640  [TID       6224][INFO    ] POST:/efetuarPedido -> UPizzariaControllerImpl.TPizzariaBackendController - 200 OK [dmvcframework]
2019-08-18 12:04:23:322  [TID       7248][INFO    ] POST:/consultaPedido -> UPizzariaControllerImpl.TPizzariaBackendController - 200 OK [dmvcframework]
2019-08-18 12:04:33:237  [TID      10920][ERROR   ] [Exception] Não existem pedidos para este número de documento. (Custom message: "Global Action Exception Handler") [dmvcframework]
2019-08-18 12:04:33:248  [TID      10920][INFO    ] POST:/consultaPedido -> UPizzariaControllerImpl.TPizzariaBackendController - 500 Internal Server Error [dmvcframework]
2019-08-18 12:05:15:007  [TID        176][INFO    ] POST:/efetuarPedido -> UPizzariaControllerImpl.TPizzariaBackendController - 200 OK [dmvcframework]
2019-08-18 12:06:43:012  [TID       7152][INFO    ] ENTER: Config default values [dmvcframework]
2019-08-18 12:06:43:012  [TID       7152][INFO    ] EXIT: Config default values [dmvcframework]
2019-08-18 12:06:43:012  [TID       7152][INFO    ] ENTER: LoadSystemControllers [dmvcframework]
2019-08-18 12:06:43:012  [TID       7152][INFO    ] EXIT: LoadSystemControllers [dmvcframework]
2019-08-18 12:07:31:259  [TID       6808][INFO    ] ENTER: Config default values [dmvcframework]
2019-08-18 12:07:31:259  [TID       6808][INFO    ] EXIT: Config default values [dmvcframework]
2019-08-18 12:07:31:259  [TID       6808][INFO    ] ENTER: LoadSystemControllers [dmvcframework]
2019-08-18 12:07:31:259  [TID       6808][INFO    ] EXIT: LoadSystemControllers [dmvcframework]
2019-08-18 12:07:32:300  [TID       4740][INFO    ] POST:/efetuarPedido -> UPizzariaControllerImpl.TPizzariaBackendController - 200 OK [dmvcframework]
2019-08-18 12:13:36:864  [TID      11376][INFO    ] Default Logger initialized [dmvcframework]
2019-08-18 12:13:36:881  [TID      11376][INFO    ] Server started on port 8080 [dmvcframework]
2019-08-18 12:13:36:923  [TID      11376][INFO    ] Server started on port 8080 [dmvcframework]
2019-08-18 12:13:44:381  [TID       4416][INFO    ] ENTER: Config default values [dmvcframework]
2019-08-18 12:13:44:381  [TID       4416][INFO    ] EXIT: Config default values [dmvcframework]
2019-08-18 12:13:44:381  [TID       4416][INFO    ] ENTER: LoadSystemControllers [dmvcframework]
2019-08-18 12:13:44:381  [TID       4416][INFO    ] EXIT: LoadSystemControllers [dmvcframework]
2019-08-18 12:13:58:588  [TID       4416][INFO    ] POST:/efetuarPedido -> UPizzariaControllerImpl.TPizzariaBackendController - 200 OK [dmvcframework]
2019-08-18 12:14:10:080  [TID       6812][ERROR   ] [Exception] Não existem pedidos para este número de documento. (Custom message: "Global Action Exception Handler") [dmvcframework]
2019-08-18 12:14:10:091  [TID       6812][INFO    ] POST:/consultaPedido -> UPizzariaControllerImpl.TPizzariaBackendController - 500 Internal Server Error [dmvcframework]
2019-08-18 12:14:15:940  [TID       8736][INFO    ] POST:/consultaPedido -> UPizzariaControllerImpl.TPizzariaBackendController - 200 OK [dmvcframework]
2019-08-18 12:14:34:510  [TID      11100][INFO    ] POST:/efetuarPedido -> UPizzariaControllerImpl.TPizzariaBackendController - 200 OK [dmvcframework]
2019-08-18 12:14:43:353  [TID       6576][INFO    ] POST:/consultaPedido -> UPizzariaControllerImpl.TPizzariaBackendController - 200 OK [dmvcframework]
2019-08-18 12:14:47:858  [TID      10144][INFO    ] POST:/consultaPedido -> UPizzariaControllerImpl.TPizzariaBackendController - 200 OK [dmvcframework]
